#
# There is insufficient memory for the Java Runtime Environment to continue.
# Native memory allocation (mmap) failed to map 134217728 bytes for G1 virtual space
# Possible reasons:
#   The system is out of physical RAM or swap space
#   The process is running with CompressedOops enabled, and the Java Heap may be blocking the growth of the native heap
# Possible solutions:
#   Reduce memory load on the system
#   Increase physical memory or swap space
#   Check if swap backing store is full
#   Decrease Java heap size (-Xmx/-Xms)
#   Decrease number of Java threads
#   Decrease Java thread stack sizes (-Xss)
#   Set larger code cache with -XX:ReservedCodeCacheSize=
#   JVM is running with Unscaled Compressed Oops mode in which the Java heap is
#     placed in the first 4GB address space. The Java Heap base address is the
#     maximum limit for the native heap growth. Please use -XX:HeapBaseMinAddress
#     to set the Java Heap base and to place the Java Heap above 4GB virtual address.
# This output file may be truncated or incomplete.
#
#  Out of Memory Error (os_windows.cpp:3532), pid=11740, tid=17332
#
# JRE version:  (17.0.2+8) (build )
# Java VM: OpenJDK 64-Bit Server VM (17.0.2+8, mixed mode, sharing, tiered, compressed oops, compressed class ptrs, g1 gc, windows-amd64)
# No core dump will be written. Minidumps are not enabled by default on client versions of Windows
#

---------------  S U M M A R Y ------------

Command Line: -Dfile.encoding=Cp1252 --module-path=C:\Temp\PrograII_MDV\TP1_Colas\bin -XX:+ShowCodeDetailsInExceptionMessages -Djdk.module.main=TP1_Cola TP1_Cola/main.main

Host: Intel(R) Core(TM) i5-8350U CPU @ 1.70GHz, 8 cores, 7G,  Windows 11 , 64 bit Build 22000 (10.0.22000.613)
Time: Fri Apr 29 17:50:00 2022 Argentina Standard Time elapsed time: 0.094376 seconds (0d 0h 0m 0s)

---------------  T H R E A D  ---------------

Current thread (0x0000021803ea41b0):  JavaThread "Unknown thread" [_thread_in_vm, id=17332, stack(0x0000009ef2900000,0x0000009ef2a00000)]

Stack: [0x0000009ef2900000,0x0000009ef2a00000]
Native frames: (J=compiled Java code, j=interpreted, Vv=VM code, C=native code)
V  [jvm.dll+0x67564a]
V  [jvm.dll+0x82fc04]
V  [jvm.dll+0x8313ae]
V  [jvm.dll+0x831a13]
V  [jvm.dll+0x245235]
V  [jvm.dll+0x672539]
V  [jvm.dll+0x666e82]
V  [jvm.dll+0x30401b]
V  [jvm.dll+0x30b566]
V  [jvm.dll+0x35b1fe]
V  [jvm.dll+0x35b42f]
V  [jvm.dll+0x2daf58]
V  [jvm.dll+0x2dbec4]
V  [jvm.dll+0x801881]
V  [jvm.dll+0x368f81]
V  [jvm.dll+0x7e0cdc]
V  [jvm.dll+0x3eb8bf]
V  [jvm.dll+0x3ed441]
C  [jli.dll+0x5277]
C  [ucrtbase.dll+0x26c0c]
C  [KERNEL32.DLL+0x154e0]
C  [ntdll.dll+0x485b]


---------------  P R O C E S S  ---------------

Threads class SMR info:
_java_thread_list=0x00007ff8a8295e98, length=0, elements={
}

Java Threads: ( => current thread )

Other Threads:
  0x0000021803ee4720 GCTaskThread "GC Thread#0" [stack: 0x0000009ef2a00000,0x0000009ef2b00000] [id=22116]
  0x0000021803ef5940 ConcurrentGCThread "G1 Main Marker" [stack: 0x0000009ef2b00000,0x0000009ef2c00000] [id=1876]
  0x0000021803ef6350 ConcurrentGCThread "G1 Conc#0" [stack: 0x0000009ef2c00000,0x0000009ef2d00000] [id=16668]

[error occurred during error reporting (printing all threads), id 0xc0000005, EXCEPTION_ACCESS_VIOLATION (0xc0000005) at pc=0x00007ff8a7a6b9d7]

VM state: not at safepoint (not fully initialized)

VM Mutex/Monitor currently owned by a thread:  ([mutex/lock_event])
[0x0000021801b8bb20] Heap_lock - owner thread: 0x0000021803ea41b0

Heap address: 0x0000000081e00000, size: 2018 MB, Compressed Oops mode: 32-bit

CDS archive(s) mapped at: [0x0000000000000000-0x0000000000000000-0x0000000000000000), size 0, SharedBaseAddress: 0x0000000800000000, ArchiveRelocationMode: 0.
Narrow klass base: 0x0000000000000000, Narrow klass shift: 0, Narrow klass range: 0x0

GC Precious Log:
<Empty>

Heap:
 garbage-first heap   total 0K, used 0K [0x0000000081e00000, 0x0000000100000000)
  region size 1024K, 0 young (0K), 0 survivors (0K)

[error occurred during error reporting (printing heap information), id 0xc0000005, EXCEPTION_ACCESS_VIOLATION (0xc0000005) at pc=0x00007ff8a7e4e899]

GC Heap History (0 events):
No events

Deoptimization events (0 events):
No events

Classes unloaded (0 events):
No events

Classes redefined (0 events):
No events

Internal exceptions (0 events):
No events

VM Operations (0 events):
No events

Events (1 events):
Event: 0.032 Loaded shared library C:\Users\mathias.del.vecchio\.p2\pool\plugins\org.eclipse.justj.openjdk.hotspot.jre.full.win32.x86_64_17.0.2.v20220201-1208\jre\bin\java.dll


Dynamic libraries:
0x00007ff655120000 - 0x00007ff65512e000 	C:\Users\mathias.del.vecchio\.p2\pool\plugins\org.eclipse.justj.openjdk.hotspot.jre.full.win32.x86_64_17.0.2.v20220201-1208\jre\bin\javaw.exe
0x00007ff925e20000 - 0x00007ff926029000 	C:\WINDOWS\SYSTEM32\ntdll.dll
0x00007ff925190000 - 0x00007ff92524d000 	C:\WINDOWS\System32\KERNEL32.DLL
0x00007ff923940000 - 0x00007ff923cb4000 	C:\WINDOWS\System32\KERNELBASE.dll
0x00007ff9237f0000 - 0x00007ff923901000 	C:\WINDOWS\System32\ucrtbase.dll
0x00007ff91a710000 - 0x00007ff91a729000 	C:\Users\mathias.del.vecchio\.p2\pool\plugins\org.eclipse.justj.openjdk.hotspot.jre.full.win32.x86_64_17.0.2.v20220201-1208\jre\bin\VCRUNTIME140.dll
0x00007ff91a870000 - 0x00007ff91a888000 	C:\Users\mathias.del.vecchio\.p2\pool\plugins\org.eclipse.justj.openjdk.hotspot.jre.full.win32.x86_64_17.0.2.v20220201-1208\jre\bin\jli.dll
0x00007ff924aa0000 - 0x00007ff924c4c000 	C:\WINDOWS\System32\USER32.dll
0x00007ff923910000 - 0x00007ff923936000 	C:\WINDOWS\System32\win32u.dll
0x00007ff909ae0000 - 0x00007ff909d85000 	C:\WINDOWS\WinSxS\amd64_microsoft.windows.common-controls_6595b64144ccf1df_6.0.22000.120_none_9d947278b86cc467\COMCTL32.dll
0x00007ff925c30000 - 0x00007ff925c59000 	C:\WINDOWS\System32\GDI32.dll
0x00007ff923da0000 - 0x00007ff923e43000 	C:\WINDOWS\System32\msvcrt.dll
0x00007ff923310000 - 0x00007ff923422000 	C:\WINDOWS\System32\gdi32full.dll
0x00007ff923430000 - 0x00007ff9234cd000 	C:\WINDOWS\System32\msvcp_win.dll
0x00007ff924d40000 - 0x00007ff924d71000 	C:\WINDOWS\System32\IMM32.DLL
0x00007ff9230b0000 - 0x00007ff9231b2000 	C:\Program Files\Avecto\Privilege Guard Client\PGHook.dll
0x00007ff924f40000 - 0x00007ff924fee000 	C:\WINDOWS\System32\ADVAPI32.dll
0x00007ff9252d0000 - 0x00007ff92536e000 	C:\WINDOWS\System32\sechost.dll
0x00007ff923f30000 - 0x00007ff924050000 	C:\WINDOWS\System32\RPCRT4.dll
0x0000000068000000 - 0x0000000068072000 	C:\WINDOWS\System32\QIPCAP64.dll
0x00007ff924260000 - 0x00007ff924a0f000 	C:\WINDOWS\System32\SHELL32.dll
0x00007ff921d50000 - 0x00007ff921e38000 	C:\WINDOWS\SYSTEM32\DNSAPI.dll
0x00007ff921d20000 - 0x00007ff921d4d000 	C:\WINDOWS\SYSTEM32\IPHLPAPI.DLL
0x00007ff925bc0000 - 0x00007ff925bc9000 	C:\WINDOWS\System32\NSI.dll
0x00007ff91a860000 - 0x00007ff91a86c000 	C:\Users\mathias.del.vecchio\.p2\pool\plugins\org.eclipse.justj.openjdk.hotspot.jre.full.win32.x86_64_17.0.2.v20220201-1208\jre\bin\vcruntime140_1.dll
0x00007ff8d1360000 - 0x00007ff8d13f1000 	C:\Users\mathias.del.vecchio\.p2\pool\plugins\org.eclipse.justj.openjdk.hotspot.jre.full.win32.x86_64_17.0.2.v20220201-1208\jre\bin\msvcp140.dll
0x00007ff8a7780000 - 0x00007ff8a83c7000 	C:\Users\mathias.del.vecchio\.p2\pool\plugins\org.eclipse.justj.openjdk.hotspot.jre.full.win32.x86_64_17.0.2.v20220201-1208\jre\bin\server\jvm.dll
0x00007ff925260000 - 0x00007ff925268000 	C:\WINDOWS\System32\PSAPI.DLL
0x00007ff908010000 - 0x00007ff908019000 	C:\WINDOWS\SYSTEM32\WSOCK32.dll
0x00007ff923ec0000 - 0x00007ff923f2f000 	C:\WINDOWS\System32\WS2_32.dll
0x00007ff917e60000 - 0x00007ff917e93000 	C:\WINDOWS\SYSTEM32\WINMM.dll
0x00007ff916be0000 - 0x00007ff916bea000 	C:\WINDOWS\SYSTEM32\VERSION.dll
0x00007ff9221f0000 - 0x00007ff922208000 	C:\WINDOWS\SYSTEM32\kernel.appcore.dll
0x00007ff91b600000 - 0x00007ff91b60a000 	C:\Users\mathias.del.vecchio\.p2\pool\plugins\org.eclipse.justj.openjdk.hotspot.jre.full.win32.x86_64_17.0.2.v20220201-1208\jre\bin\jimage.dll
0x00007ff9218a0000 - 0x00007ff921ac1000 	C:\WINDOWS\SYSTEM32\DBGHELP.DLL
0x00007ff907a90000 - 0x00007ff907ac1000 	C:\WINDOWS\SYSTEM32\dbgcore.DLL
0x00000218035d0000 - 0x000002180364f000 	C:\WINDOWS\System32\bcryptPrimitives.dll
0x00007ff90f400000 - 0x00007ff90f425000 	C:\Users\mathias.del.vecchio\.p2\pool\plugins\org.eclipse.justj.openjdk.hotspot.jre.full.win32.x86_64_17.0.2.v20220201-1208\jre\bin\java.dll
0x00007ff8ea7d0000 - 0x00007ff8ea832000 	C:\Program Files\Manufacturer\Endpoint Agent\prntm64.dll
0x0000021803690000 - 0x00000218036ed000 	C:\WINDOWS\System32\SHLWAPI.dll
0x00007ff924ff0000 - 0x00007ff92518a000 	C:\WINDOWS\System32\ole32.dll
0x00000218038e0000 - 0x0000021803c58000 	C:\WINDOWS\System32\combase.dll
0x00007ff925c60000 - 0x00007ff925d36000 	C:\WINDOWS\System32\OLEAUT32.dll
0x00007ff916460000 - 0x00007ff91646c000 	C:\WINDOWS\SYSTEM32\Secur32.dll
0x00007ff9143d0000 - 0x00007ff91446b000 	C:\WINDOWS\SYSTEM32\WINSPOOL.DRV
0x00007ff922520000 - 0x00007ff922562000 	C:\WINDOWS\SYSTEM32\SSPICLI.DLL

dbghelp: loaded successfully - version: 4.0.5 - missing functions: none
symbol engine: initialized successfully - sym options: 0x614 - pdb path: .;C:\Users\mathias.del.vecchio\.p2\pool\plugins\org.eclipse.justj.openjdk.hotspot.jre.full.win32.x86_64_17.0.2.v20220201-1208\jre\bin;C:\WINDOWS\SYSTEM32;C:\WINDOWS\WinSxS\amd64_microsoft.windows.common-controls_6595b64144ccf1df_6.0.22000.120_none_9d947278b86cc467;C:\Program Files\Avecto\Privilege Guard Client;C:\Users\mathias.del.vecchio\.p2\pool\plugins\org.eclipse.justj.openjdk.hotspot.jre.full.win32.x86_64_17.0.2.v20220201-1208\jre\bin\server;C:\Program Files\Manufacturer\Endpoint Agent

VM Arguments:
jvm_args: -Dfile.encoding=Cp1252 --module-path=C:\Temp\PrograII_MDV\TP1_Colas\bin -XX:+ShowCodeDetailsInExceptionMessages -Djdk.module.main=TP1_Cola 
java_command: TP1_Cola/main.main
java_class_path (initial): <not set>
Launcher Type: SUN_STANDARD

[Global flags]
     intx CICompilerCount                          = 4                                         {product} {ergonomic}
     uint ConcGCThreads                            = 2                                         {product} {ergonomic}
     uint G1ConcRefinementThreads                  = 8                                         {product} {ergonomic}
   size_t G1HeapRegionSize                         = 1048576                                   {product} {ergonomic}
    uintx GCDrainStackTargetSize                   = 64                                        {product} {ergonomic}
   size_t InitialHeapSize                          = 134217728                                 {product} {ergonomic}
   size_t MarkStackSize                            = 4194304                                   {product} {ergonomic}
   size_t MaxHeapSize                              = 2116026368                                {product} {ergonomic}
   size_t MinHeapDeltaBytes                        = 1048576                                   {product} {ergonomic}
   size_t MinHeapSize                              = 8388608                                   {product} {ergonomic}
    uintx NonNMethodCodeHeapSize                   = 5839372                                {pd product} {ergonomic}
    uintx NonProfiledCodeHeapSize                  = 122909434                              {pd product} {ergonomic}
    uintx ProfiledCodeHeapSize                     = 122909434                              {pd product} {ergonomic}
    uintx ReservedCodeCacheSize                    = 251658240                              {pd product} {ergonomic}
     bool SegmentedCodeCache                       = true                                      {product} {ergonomic}
     bool ShowCodeDetailsInExceptionMessages       = true                                   {manageable} {command line}
   size_t SoftMaxHeapSize                          = 2116026368                             {manageable} {ergonomic}
     bool UseCompressedClassPointers               = true                           {product lp64_product} {ergonomic}
     bool UseCompressedOops                        = true                           {product lp64_product} {ergonomic}
     bool UseG1GC                                  = true                                      {product} {ergonomic}
     bool UseLargePagesIndividualAllocation        = false                                  {pd product} {ergonomic}

Logging:
Log output configuration:
 #0: stdout all=warning uptime,level,tags
 #1: stderr all=off uptime,level,tags

Environment Variables:
PATH=C:/Users/mathias.del.vecchio/.p2/pool/plugins/org.eclipse.justj.openjdk.hotspot.jre.full.win32.x86_64_17.0.2.v20220201-1208/jre/bin/server;C:/Users/mathias.del.vecchio/.p2/pool/plugins/org.eclipse.justj.openjdk.hotspot.jre.full.win32.x86_64_17.0.2.v20220201-1208/jre/bin;C:\WINDOWS\system32;C:\WINDOWS;C:\WINDOWS\System32\Wbem;C:\WINDOWS\System32\WindowsPowerShell\v1.0\;C:\WINDOWS\System32\OpenSSH\;C:\Program Files (x86)\Pulse Secure\VC142.CRT\X64\;C:\Program Files (x86)\Pulse Secure\VC142.CRT\X86\;C:\Program Files (x86)\Common Files\Pulse Secure\VC142.CRT\X64\;C:\Program Files (x86)\Common Files\Pulse Secure\VC142.CRT\X86\;C:\Program Files\dotnet\;C:\Users\mathias.del.vecchio\AppData\Local\Microsoft\WindowsApps;C:\Users\mathias.del.vecchio\AppData\Local\Programs\Fiddler;C:\Users\mathias.del.vecchio\AppData\Local\Microsoft\WindowsApps;C:\Users\mathias.del.vecchio\AppData\Local\Programs\Git\cmd;;C:\Users\mathias.del.vecchio\eclipse\java-2022-03\eclipse;
USERNAME=mathias.del.vecchio
OS=Windows_NT
PROCESSOR_IDENTIFIER=Intel64 Family 6 Model 142 Stepping 10, GenuineIntel



---------------  S Y S T E M  ---------------

OS:
 Windows 11 , 64 bit Build 22000 (10.0.22000.613)
OS uptime: 0 days 8:53 hours

CPU: total 8 (initial active 8) (4 cores per cpu, 2 threads per core) family 6 model 142 stepping 10 microcode 0xec, cx8, cmov, fxsr, ht, mmx, 3dnowpref, sse, sse2, sse3, ssse3, sse4.1, sse4.2, popcnt, lzcnt, tsc, tscinvbit, avx, avx2, aes, erms, clmul, bmi1, bmi2, rtm, adx, fma, vzeroupper, clflush, clflushopt

Memory: 4k page, system-wide physical 8070M (718M free)
TotalPageFile size 22992M (AvailPageFile size 598M)
current process WorkingSet (physical memory assigned to process): 14M, peak: 14M
current process commit charge ("private bytes"): 61M, peak: 684M

vm_info: OpenJDK 64-Bit Server VM (17.0.2+8) for windows-amd64 JRE (17.0.2+8), built on Jan 20 2022 04:52:34 by "" with MS VC++ 16.7 (VS2019)

END.
